{
  "stats": {
    "suites": 1,
    "tests": 3,
    "passes": 3,
    "pending": 0,
    "failures": 0,
    "start": "2023-12-08T02:48:04.617Z",
    "end": "2023-12-08T02:48:16.171Z",
    "duration": 11554,
    "testsRegistered": 3,
    "passPercent": 100,
    "pendingPercent": 0,
    "other": 0,
    "hasOther": false,
    "skipped": 0,
    "hasSkipped": false
  },
  "results": [
    {
      "uuid": "5ee98309-3b48-4d4e-a929-77f82042ab6c",
      "title": "",
      "fullFile": "cypress/e2e/methods/hidingcred.js",
      "file": "cypress/e2e/methods/hidingcred.js",
      "beforeHooks": [],
      "afterHooks": [],
      "tests": [],
      "suites": [
        {
          "uuid": "23ef4f38-ceb0-4981-a6d7-165c76c2d00e",
          "title": "practicing hooks",
          "fullFile": "",
          "file": "",
          "beforeHooks": [],
          "afterHooks": [],
          "tests": [
            {
              "title": "Test 1",
              "fullTitle": "practicing hooks Test 1",
              "timedOut": null,
              "duration": 7214,
              "state": "passed",
              "speed": "medium",
              "pass": true,
              "fail": false,
              "pending": false,
              "context": null,
              "code": "cy.visit('/');\ncy.contains('Admin').click();\ncy.get(_admin.admin.addButton).click();",
              "err": {},
              "uuid": "7d1302a9-bec1-43fe-9c7a-68b34ba11ccc",
              "parentUUID": "23ef4f38-ceb0-4981-a6d7-165c76c2d00e",
              "isHook": false,
              "skipped": false
            },
            {
              "title": "Test 2",
              "fullTitle": "practicing hooks Test 2",
              "timedOut": null,
              "duration": 2512,
              "state": "passed",
              "speed": "fast",
              "pass": true,
              "fail": false,
              "pending": false,
              "context": null,
              "code": "cy.visit('/');\ncy.contains(\"Claim\").click();",
              "err": {},
              "uuid": "53cec0cf-1fa4-4426-ad49-ee7b5e156dd2",
              "parentUUID": "23ef4f38-ceb0-4981-a6d7-165c76c2d00e",
              "isHook": false,
              "skipped": false
            },
            {
              "title": "Test 2",
              "fullTitle": "practicing hooks Test 2",
              "timedOut": null,
              "duration": 1809,
              "state": "passed",
              "speed": "fast",
              "pass": true,
              "fail": false,
              "pending": false,
              "context": null,
              "code": "cy.visit('/');\ncy.contains(\"Directory\").click();",
              "err": {},
              "uuid": "5efbe181-2dfb-4eab-ba8a-8080e96237b8",
              "parentUUID": "23ef4f38-ceb0-4981-a6d7-165c76c2d00e",
              "isHook": false,
              "skipped": false
            }
          ],
          "suites": [],
          "passes": [
            "7d1302a9-bec1-43fe-9c7a-68b34ba11ccc",
            "53cec0cf-1fa4-4426-ad49-ee7b5e156dd2",
            "5efbe181-2dfb-4eab-ba8a-8080e96237b8"
          ],
          "failures": [],
          "pending": [],
          "skipped": [],
          "duration": 11535,
          "root": false,
          "rootEmpty": false,
          "_timeout": 2000
        }
      ],
      "passes": [],
      "failures": [],
      "pending": [],
      "skipped": [],
      "duration": 0,
      "root": true,
      "rootEmpty": true,
      "_timeout": 2000
    }
  ],
  "meta": {
    "mocha": {
      "version": "7.0.1"
    },
    "mochawesome": {
      "options": {
        "quiet": false,
        "reportFilename": "mochawesome",
        "saveHtml": true,
        "saveJson": true,
        "consoleReporter": "spec",
        "useInlineDiffs": false,
        "code": true
      },
      "version": "7.1.3"
    },
    "marge": {
      "options": null,
      "version": "6.2.0"
    }
  }
}